<?xml version="1.0" encoding="UTF-8"?>
<!-- Generated by org.testng.reporters.JUnitReportReporter -->
<testsuite hostname="DESKTOP-PPMKO0L" failures="0" tests="1" name="com.run.TestRunner" time="70.261" errors="0" timestamp="2023-03-15T12:34:08 IST" skipped="0">
  <testcase classname="com.run.TestRunner" name="runScenario" time="70.261"/>
  <system-out/>
</testsuite> <!-- com.run.TestRunner -->
