<?xml version="1.0" encoding="UTF-8"?>
<!-- Generated by org.testng.reporters.JUnitReportReporter -->
<testsuite hostname="DESKTOP-PPMKO0L" failures="0" tests="1" name="com.runner.TestRunner" time="24.023" errors="0" timestamp="2023-03-14T18:31:07 IST" skipped="0">
  <testcase classname="com.runner.TestRunner" name="runScenario" time="24.023"/>
  <system-out/>
</testsuite> <!-- com.runner.TestRunner -->
